<?xml version="1.0" encoding="UTF-8"?>
<!-- Generated by org.testng.reporters.JUnitReportReporter -->
<testsuite hostname="KDC1-L-F1CFX2J" failures="0" tests="1" name="restAssuredTests.PostRequestDemo" time="3.564" errors="0" timestamp="2023-01-05T15:13:14 IST" skipped="0">
  <testcase classname="restAssuredTests.PostRequestDemo" name="Postdetails" time="3.564"/>
  <system-out/>
</testsuite> <!-- restAssuredTests.PostRequestDemo -->
