<?xml version="1.0" encoding="UTF-8"?>
<!-- Generated by org.testng.reporters.JUnitReportReporter -->
<testsuite hostname="KDC1-L-F1CFX2J" failures="0" tests="1" name="restAssuredTests.PutRequestDemo" time="3.315" errors="0" timestamp="2023-01-09T13:41:40 IST" skipped="0">
  <testcase classname="restAssuredTests.PutRequestDemo" name="Updatedata" time="3.315"/>
  <system-out/>
</testsuite> <!-- restAssuredTests.PutRequestDemo -->
