<?xml version="1.0" encoding="UTF-8"?>
<!-- Generated by org.testng.reporters.JUnitReportReporter -->
<testsuite hostname="KDC1-L-F1CFX2J" failures="0" tests="1" name="pathAndQueryParamTests.PathAndQueryParam" time="2.626" errors="0" timestamp="2023-01-16T13:51:58 IST" skipped="0">
  <testcase classname="pathAndQueryParamTests.PathAndQueryParam" name="testPathAndQuery" time="2.626"/>
  <system-out/>
</testsuite> <!-- pathAndQueryParamTests.PathAndQueryParam -->
