<?xml version="1.0" encoding="UTF-8"?>
<!-- Generated by org.testng.reporters.JUnitReportReporter -->
<testsuite hostname="KDC1-L-F1CFX2J" failures="0" tests="1" name="restAssuredTests.GetRequestDemo" time="3.731" errors="0" timestamp="2023-01-09T13:27:00 IST" skipped="0">
  <testcase classname="restAssuredTests.GetRequestDemo" name="Getdetails" time="3.731"/>
  <system-out/>
</testsuite> <!-- restAssuredTests.GetRequestDemo -->
