<?xml version="1.0" encoding="UTF-8"?>
<!-- Generated by org.testng.reporters.JUnitReportReporter -->
<testsuite hostname="KDC1-L-F1CFX2J" failures="0" tests="1" name="restAssuredTests.DeleteRequestDemo" time="2.987" errors="0" timestamp="2023-01-05T15:10:21 IST" skipped="0">
  <testcase classname="restAssuredTests.DeleteRequestDemo" name="Deletedata" time="2.987"/>
  <system-out/>
</testsuite> <!-- restAssuredTests.DeleteRequestDemo -->
